<?xml version="1.0" encoding="UTF-8"?>
<robot generator="Robot 4.1.3 (Python 3.7.5 on win32)" generated="20240119 10:19:54.282" rpa="false" schemaversion="2">
<suite id="s1" name="Task" source="C:\Users\PC1\PycharmProjects\SSH2\Task.robot">
<test id="s1-t1" name="Automating a Use Case">
<kw name="Create connection">
<kw name="Open Connection" library="SSHLibrary">
<arg>${HOST_IP}</arg>
<doc>Opens a new SSH connection to the given ``host`` and ``port``.</doc>
<status status="PASS" starttime="20240119 10:19:55.291" endtime="20240119 10:19:55.291"/>
</kw>
<kw name="Login" library="SSHLibrary">
<arg>${HOST_USERNAME}</arg>
<arg>${HOST_PASSWORD}</arg>
<doc>Logs into the SSH server with the given ``username`` and ``password``.</doc>
<msg timestamp="20240119 10:19:55.292" level="INFO">Logging into '192.168.35.130:22' as 'root'.</msg>
<msg timestamp="20240119 10:19:57.773" level="INFO">Read output: Welcome to Ubuntu 22.04.3 LTS (GNU/Linux 6.5.0-14-generic x86_64)

 * Documentation:  https://help.ubuntu.com
 * Management:     https://landscape.canonical.com
 * Support:        https://ubuntu.com/advantage

Expanded Security Maintenance for Applications is not enabled.

0 updates can be applied immediately.

Enable ESM Apps to receive additional future security updates.
See https://ubuntu.com/esm or run: sudo pro status

Last login: Fri Jan 19 13:19:15 2024 from 192.168.35.1
[?2004hroot@tayyab-virtual-machine:~#</msg>
<status status="PASS" starttime="20240119 10:19:55.292" endtime="20240119 10:19:57.773"/>
</kw>
<status status="PASS" starttime="20240119 10:19:55.290" endtime="20240119 10:19:57.774"/>
</kw>
<kw name="Execute a command">
<kw name="Set Variable" library="BuiltIn">
<var>${command}</var>
<arg>ls &amp;&amp; cd testing &amp;&amp; pwd &amp;&amp; ls -ltr</arg>
<doc>Returns the given values which can then be assigned to a variables.</doc>
<msg timestamp="20240119 10:19:57.776" level="INFO">${command} = ls &amp;&amp; cd testing &amp;&amp; pwd &amp;&amp; ls -ltr</msg>
<status status="PASS" starttime="20240119 10:19:57.776" endtime="20240119 10:19:57.776"/>
</kw>
<kw name="Execute Command" library="SSHLibrary">
<var>${output}</var>
<arg>${command}</arg>
<doc>Executes ``command`` on the remote machine and returns its outputs.</doc>
<msg timestamp="20240119 10:19:57.777" level="INFO">Executing command 'ls &amp;&amp; cd testing &amp;&amp; pwd &amp;&amp; ls -ltr'.</msg>
<msg timestamp="20240119 10:19:57.819" level="INFO">Command exited with return code 0.</msg>
<msg timestamp="20240119 10:19:57.820" level="INFO">${output} = snap
testing
/root/testing
total 4
-rw-r--r-- 1 root root 28  1-р сар 19 11:17 hello.js
-rw-r--r-- 1 root root  0  1-р сар 19 11:26 app.css</msg>
<status status="PASS" starttime="20240119 10:19:57.777" endtime="20240119 10:19:57.820"/>
</kw>
<status status="PASS" starttime="20240119 10:19:57.775" endtime="20240119 10:19:57.821"/>
</kw>
<status status="PASS" starttime="20240119 10:19:55.289" endtime="20240119 10:19:57.822"/>
</test>
<status status="PASS" starttime="20240119 10:19:54.287" endtime="20240119 10:19:57.826"/>
</suite>
<statistics>
<total>
<stat pass="1" fail="0" skip="0">All Tests</stat>
</total>
<tag>
</tag>
<suite>
<stat pass="1" fail="0" skip="0" id="s1" name="Task">Task</stat>
</suite>
</statistics>
<errors>
</errors>
</robot>
